<?xml version="1.0" encoding="UTF-8"?>
<!-- Generated by org.testng.reporters.JUnitReportReporter -->
<testsuite hostname="LAPTOP-HJE2C80R" failures="0" tests="3" name="Com.OrangeHRM5.TestCases.Myinfo" time="83.088" errors="0" timestamp="30 May 2022 14:53:34 GMT" skipped="0">
  <testcase classname="Com.OrangeHRM5.TestCases.Myinfo" name="Login" time="12.729"/>
  <testcase classname="Com.OrangeHRM5.TestCases.Myinfo" name="MyInfo" time="49.799"/>
  <testcase classname="Com.OrangeHRM5.TestCases.Myinfo" name="Logout" time="20.560"/>
</testsuite> <!-- Com.OrangeHRM5.TestCases.Myinfo -->
